<?xml version="1.0" encoding="UTF-8"?>
<testng-results ignored="0" total="1" passed="1" failed="0" skipped="0">
  <reporter-output>
  </reporter-output>
  <suite started-at="2021-11-11T21:45:11 IST" name="Suite" finished-at="2021-11-11T21:45:22 IST" duration-ms="10783">
    <groups>
    </groups>
    <test started-at="2021-11-11T21:45:11 IST" name="Test" finished-at="2021-11-11T21:45:22 IST" duration-ms="10783">
      <class name="week2.day2.CreateLead">
        <test-method signature="runLead()[pri:0, instance:week2.day2.CreateLead@2ab4bc72]" started-at="2021-11-11T21:45:11 IST" name="runLead" finished-at="2021-11-11T21:45:22 IST" duration-ms="10755" status="PASS">
          <reporter-output>
          </reporter-output>
        </test-method> <!-- runLead -->
      </class> <!-- week2.day2.CreateLead -->
    </test> <!-- Test -->
  </suite> <!-- Suite -->
</testng-results>
